0 info it worked if it ends with ok
1 verbose cli [ '/Users/ronjansen/.nvm/versions/node/v4.0.0/bin/node',
1 verbose cli   '/Users/ronjansen/.nvm/current/bin/npm',
1 verbose cli   'run',
1 verbose cli   'serve' ]
2 info using npm@2.1.10
3 info using node@v4.0.0
4 verbose stack Error: missing script: serve
4 verbose stack     at run (/Users/ronjansen/.nvm/v0.10.32/lib/node_modules/npm/lib/run-script.js:130:19)
4 verbose stack     at /Users/ronjansen/.nvm/v0.10.32/lib/node_modules/npm/lib/run-script.js:81:5
4 verbose stack     at /Users/ronjansen/.nvm/v0.10.32/lib/node_modules/npm/node_modules/read-package-json/read-json.js:51:40
4 verbose stack     at final (/Users/ronjansen/.nvm/v0.10.32/lib/node_modules/npm/node_modules/read-package-json/read-json.js:349:17)
4 verbose stack     at then (/Users/ronjansen/.nvm/v0.10.32/lib/node_modules/npm/node_modules/read-package-json/read-json.js:126:33)
4 verbose stack     at /Users/ronjansen/.nvm/v0.10.32/lib/node_modules/npm/node_modules/read-package-json/read-json.js:331:40
4 verbose stack     at FSReqWrap.readFileAfterClose [as oncomplete] (evalmachine.<anonymous>:380:3)
5 verbose cwd /Users/ronjansen/Dev/flipbase/www
6 error Darwin 15.5.0
7 error argv "/Users/ronjansen/.nvm/versions/node/v4.0.0/bin/node" "/Users/ronjansen/.nvm/current/bin/npm" "run" "serve"
8 error node v4.0.0
9 error npm  v2.1.10
10 error missing script: serve
11 error If you need help, you may report this error at:
11 error     <http://github.com/npm/npm/issues>
12 verbose exit [ 1, true ]
